"../../../Engine/Content/EngineMaterials/T_Default_Material_Grid_N.uasset" 0
"../../../Engine/Content/EngineMaterials/T_Default_Material_Grid_N.uexp" 1
"../../../Engine/Content/EngineMaterials/T_Default_Material_Grid_N.ubulk" 2
"../../../Engine/Content/EngineMaterials/T_Default_Material_Grid_M.uasset" 3
"../../../Engine/Content/EngineMaterials/T_Default_Material_Grid_M.uexp" 4
"../../../Engine/Content/EngineMaterials/T_Default_Material_Grid_M.ubulk" 5
"../../../Engine/Content/Functions/Engine_MaterialFunctions01/Opacity/CameraDepthFade.uasset" 6
"../../../Engine/Content/Functions/Engine_MaterialFunctions01/Opacity/CameraDepthFade.uexp" 7
"../../../Engine/Content/EngineMaterials/WorldGridMaterial.uasset" 8
"../../../Engine/Content/EngineMaterials/WorldGridMaterial.uexp" 9
"D:/UE5_GameDev/IntercampusGJ_2021/Content/Other/mesh_Sphere.uasset" 10
"D:/UE5_GameDev/IntercampusGJ_2021/Content/Other/mesh_Sphere.uexp" 11
"D:/UE5_GameDev/IntercampusGJ_2021/Content/Other/mesh_Sphere.ubulk" 12
"D:/UE5_GameDev/IntercampusGJ_2021/Content/Other/Moon_Diffuse.uasset" 13
"D:/UE5_GameDev/IntercampusGJ_2021/Content/Other/Moon_Diffuse.uexp" 14
"D:/UE5_GameDev/IntercampusGJ_2021/Content/Other/Moon_Diffuse.ubulk" 15
"D:/UE5_GameDev/IntercampusGJ_2021/Content/Other/Moon_Mat.uasset" 16
"D:/UE5_GameDev/IntercampusGJ_2021/Content/Other/Moon_Mat.uexp" 17
"D:/UE5_GameDev/IntercampusGJ_2021/Content/Meshs/Thug_PhysicsAsset.uasset" 18
"D:/UE5_GameDev/IntercampusGJ_2021/Content/Meshs/Thug_PhysicsAsset.uexp" 19
"D:/UE5_GameDev/IntercampusGJ_2021/Content/Meshs/Thug_Skeleton.uasset" 20
"D:/UE5_GameDev/IntercampusGJ_2021/Content/Meshs/Thug_Skeleton.uexp" 21
"D:/UE5_GameDev/IntercampusGJ_2021/Content/Meshs/Thug.uasset" 22
"D:/UE5_GameDev/IntercampusGJ_2021/Content/Meshs/Thug.uexp" 23
"../../../Engine/Content/Animation/DefaultAnimBoneCompressionSettings.uasset" 24
"../../../Engine/Content/Animation/DefaultAnimBoneCompressionSettings.uexp" 25
"../../../Engine/Content/Animation/DefaultAnimCurveCompressionSettings.uasset" 26
"../../../Engine/Content/Animation/DefaultAnimCurveCompressionSettings.uexp" 27
"D:/UE5_GameDev/IntercampusGJ_2021/Content/Meshs/Door/Door_Skeleton.uasset" 28
"D:/UE5_GameDev/IntercampusGJ_2021/Content/Meshs/Door/Door_Skeleton.uexp" 29
"D:/UE5_GameDev/IntercampusGJ_2021/Content/Animations/Door/CloseDoor_Anim_Anim.uasset" 30
"D:/UE5_GameDev/IntercampusGJ_2021/Content/Animations/Door/CloseDoor_Anim_Anim.uexp" 31
"D:/UE5_GameDev/IntercampusGJ_2021/Content/Meshs/Firefly/Animated_Firefly_Skeleton.uasset" 32
"D:/UE5_GameDev/IntercampusGJ_2021/Content/Meshs/Firefly/Animated_Firefly_Skeleton.uexp" 33
"D:/UE5_GameDev/IntercampusGJ_2021/Content/Animations/Firefly/Land_Anim_Anim.uasset" 34
"D:/UE5_GameDev/IntercampusGJ_2021/Content/Animations/Firefly/Land_Anim_Anim.uexp" 35
"D:/UE5_GameDev/IntercampusGJ_2021/Content/Fonts/Real_Magic.uasset" 36
"D:/UE5_GameDev/IntercampusGJ_2021/Content/Fonts/Real_Magic.uexp" 37
"D:/UE5_GameDev/IntercampusGJ_2021/Content/Fonts/Real_Magic.ufont" 38
"D:/UE5_GameDev/IntercampusGJ_2021/Content/Fonts/Real_Magic_Font.uasset" 39
"D:/UE5_GameDev/IntercampusGJ_2021/Content/Fonts/Real_Magic_Font.uexp" 40
"D:/UE5_GameDev/IntercampusGJ_2021/Content/Materials/M_imesive_Test.uasset" 41
"D:/UE5_GameDev/IntercampusGJ_2021/Content/Materials/M_imesive_Test.uexp" 42
"D:/UE5_GameDev/IntercampusGJ_2021/Content/Meshs/Door/Door_Anim.uasset" 43
"D:/UE5_GameDev/IntercampusGJ_2021/Content/Meshs/Door/Door_Anim.uexp" 44
"D:/UE5_GameDev/IntercampusGJ_2021/Content/Meshs/Firefly/Animated_Firefly_Anim.uasset" 45
"D:/UE5_GameDev/IntercampusGJ_2021/Content/Meshs/Firefly/Animated_Firefly_Anim.uexp" 46
"D:/UE5_GameDev/IntercampusGJ_2021/Content/Other/ColorLUT.uasset" 47
"D:/UE5_GameDev/IntercampusGJ_2021/Content/Other/ColorLUT.uexp" 48
"D:/UE5_GameDev/IntercampusGJ_2021/Content/Other/ColorLUT.ubulk" 49
"D:/UE5_GameDev/IntercampusGJ_2021/Content/Other/mesh_Plane.uasset" 50
"D:/UE5_GameDev/IntercampusGJ_2021/Content/Other/mesh_Plane.uexp" 51
"D:/UE5_GameDev/IntercampusGJ_2021/Content/Other/mesh_Plane.ubulk" 52
"D:/UE5_GameDev/IntercampusGJ_2021/Content/Skybox/horizon.uasset" 53
"D:/UE5_GameDev/IntercampusGJ_2021/Content/Skybox/horizon.uexp" 54
"D:/UE5_GameDev/IntercampusGJ_2021/Content/Skybox/horizon.ubulk" 55
"D:/UE5_GameDev/IntercampusGJ_2021/Content/Textures/Default_Material1_Flattened_Diffuse.uasset" 56
"D:/UE5_GameDev/IntercampusGJ_2021/Content/Textures/Default_Material1_Flattened_Diffuse.uexp" 57
"D:/UE5_GameDev/IntercampusGJ_2021/Content/Textures/Default_Material1_Flattened_Diffuse.ubulk" 58
"D:/UE5_GameDev/IntercampusGJ_2021/Content/Fonts/Inside_Out4.uasset" 59
"D:/UE5_GameDev/IntercampusGJ_2021/Content/Fonts/Inside_Out4.uexp" 60
"D:/UE5_GameDev/IntercampusGJ_2021/Content/Fonts/Inside_Out4.ufont" 61
"D:/UE5_GameDev/IntercampusGJ_2021/Content/Fonts/Inside_Out4_Font.uasset" 62
"D:/UE5_GameDev/IntercampusGJ_2021/Content/Fonts/Inside_Out4_Font.uexp" 63
"../../../Engine/Content/EditorBlueprintResources/StandardMacros.uasset" 64
"../../../Engine/Content/EditorBlueprintResources/StandardMacros.uexp" 65
"D:/UE5_GameDev/IntercampusGJ_2021/Content/Sound/UI/zapsplat_horror_cinematic_hit_wooden_dark_scary_hard__online-audio-converter_com_.uasset" 66
"D:/UE5_GameDev/IntercampusGJ_2021/Content/Sound/UI/zapsplat_horror_cinematic_hit_wooden_dark_scary_hard__online-audio-converter_com_.uexp" 67
"D:/UE5_GameDev/IntercampusGJ_2021/Content/Sound/UI/zapsplat_horror_cinematic_hit_wooden_dark_scary_hard__online-audio-converter_com_.ubulk" 68
"D:/UE5_GameDev/IntercampusGJ_2021/Content/Sound/UI/zapsplat_sound_design_cinematic_hit_low_boom_20279.uasset" 69
"D:/UE5_GameDev/IntercampusGJ_2021/Content/Sound/UI/zapsplat_sound_design_cinematic_hit_low_boom_20279.uexp" 70
"D:/UE5_GameDev/IntercampusGJ_2021/Content/Sound/UI/zapsplat_sound_design_cinematic_hit_low_boom_20279.ubulk" 71
"D:/UE5_GameDev/IntercampusGJ_2021/Content/Sound/UI/zapsplat_vehicles_car_radio_button_press_interior_nissan_patrol_2019_002_55345.uasset" 72
"D:/UE5_GameDev/IntercampusGJ_2021/Content/Sound/UI/zapsplat_vehicles_car_radio_button_press_interior_nissan_patrol_2019_002_55345.uexp" 73
"D:/UE5_GameDev/IntercampusGJ_2021/Content/Sound/UI/zapsplat_vehicles_car_radio_button_press_interior_nissan_patrol_2019_002_55345.ubulk" 74
"D:/UE5_GameDev/IntercampusGJ_2021/Content/GameInstance/GJGameInstance.uasset" 75
"D:/UE5_GameDev/IntercampusGJ_2021/Content/GameInstance/GJGameInstance.uexp" 76
"D:/UE5_GameDev/IntercampusGJ_2021/Content/Widgets/Reusables/W_GJ_Button.uasset" 77
"D:/UE5_GameDev/IntercampusGJ_2021/Content/Widgets/Reusables/W_GJ_Button.uexp" 78
"D:/UE5_GameDev/IntercampusGJ_2021/Content/Blueprints/SaveGameManager/BP_SaveManager.uasset" 79
"D:/UE5_GameDev/IntercampusGJ_2021/Content/Blueprints/SaveGameManager/BP_SaveManager.uexp" 80
"D:/UE5_GameDev/IntercampusGJ_2021/Content/Widgets/LevelMenus/W_LevelComplete.uasset" 81
"D:/UE5_GameDev/IntercampusGJ_2021/Content/Widgets/LevelMenus/W_LevelComplete.uexp" 82
"D:/UE5_GameDev/IntercampusGJ_2021/Content/Widgets/LevelSelection/W_Menu_Button.uasset" 83
"D:/UE5_GameDev/IntercampusGJ_2021/Content/Widgets/LevelSelection/W_Menu_Button.uexp" 84
"D:/UE5_GameDev/IntercampusGJ_2021/Content/Widgets/LevelMenus/W_LevelFailed.uasset" 85
"D:/UE5_GameDev/IntercampusGJ_2021/Content/Widgets/LevelMenus/W_LevelFailed.uexp" 86
"../../../Engine/Content/ArtTools/RenderToTexture/Meshes/S_1_Unit_Plane.uasset" 87
"../../../Engine/Content/ArtTools/RenderToTexture/Meshes/S_1_Unit_Plane.uexp" 88
"../../../Engine/Content/ArtTools/RenderToTexture/Meshes/S_1_Unit_Plane.ubulk" 89
"../../../Engine/Content/EngineMaterials/DefaultMaterial.uasset" 90
"../../../Engine/Content/EngineMaterials/DefaultMaterial.uexp" 91
"../../../Engine/Content/BasicShapes/Cone.uasset" 92
"../../../Engine/Content/BasicShapes/Cone.uexp" 93
"../../../Engine/Content/BasicShapes/Cone.ubulk" 94
"../../../Engine/Content/BasicShapes/Plane.uasset" 95
"../../../Engine/Content/BasicShapes/Plane.uexp" 96
"../../../Engine/Content/BasicShapes/Plane.ubulk" 97
"../../../Engine/Content/EditorLandscapeResources/DataLayer.uasset" 98
"../../../Engine/Content/EditorLandscapeResources/DataLayer.uexp" 99
"../../../Engine/Content/EditorLandscapeResources/DefaultAlphaTexture.uasset" 100
"../../../Engine/Content/EditorLandscapeResources/DefaultAlphaTexture.uexp" 101
"../../../Engine/Content/EditorMaterials/MAT_Groups_Toggle.uasset" 102
"../../../Engine/Content/EditorMaterials/MAT_Groups_Toggle.uexp" 103
"../../../Engine/Content/EditorMaterials/MAT_Groups_Visibility.uasset" 104
"../../../Engine/Content/EditorMaterials/MAT_Groups_Visibility.uexp" 105
"../../../Engine/Content/EditorMaterials/PreviewShadowIndicator.uasset" 106
"../../../Engine/Content/EditorMaterials/PreviewShadowIndicator.uexp" 107
"../../../Engine/Content/EditorMaterials/PreviewShadowIndicator.ubulk" 108
"../../../Engine/Content/EditorMaterials/PreviewShadowIndicatorMaterial.uasset" 109
"../../../Engine/Content/EditorMaterials/PreviewShadowIndicatorMaterial.uexp" 110
"../../../Engine/Content/EditorMaterials/MatineeGroups/MAT_ColorTrack.uasset" 111
"../../../Engine/Content/EditorMaterials/MatineeGroups/MAT_ColorTrack.uexp" 112
"../../../Engine/Content/EditorMaterials/MatineeGroups/MAT_Groups_Anim.uasset" 113
"../../../Engine/Content/EditorMaterials/MatineeGroups/MAT_Groups_Anim.uexp" 114
"../../../Engine/Content/EditorMaterials/MatineeGroups/MAT_Groups_AudioMaster.uasset" 115
"../../../Engine/Content/EditorMaterials/MatineeGroups/MAT_Groups_AudioMaster.uexp" 116
"../../../Engine/Content/EditorMaterials/MatineeGroups/MAT_Groups_Director.uasset" 117
"../../../Engine/Content/EditorMaterials/MatineeGroups/MAT_Groups_Director.uexp" 118
"../../../Engine/Content/EditorMaterials/MatineeGroups/MAT_Groups_Event.uasset" 119
"../../../Engine/Content/EditorMaterials/MatineeGroups/MAT_Groups_Event.uexp" 120
"../../../Engine/Content/EditorMaterials/MatineeGroups/MAT_Groups_Fade.uasset" 121
"../../../Engine/Content/EditorMaterials/MatineeGroups/MAT_Groups_Fade.uexp" 122
"../../../Engine/Content/EditorMaterials/MatineeGroups/MAT_Groups_Float.uasset" 123
"../../../Engine/Content/EditorMaterials/MatineeGroups/MAT_Groups_Float.uexp" 124
"../../../Engine/Content/EditorMaterials/MatineeGroups/MAT_Groups_Move.uasset" 125
"../../../Engine/Content/EditorMaterials/MatineeGroups/MAT_Groups_Move.uexp" 126
"../../../Engine/Content/EditorMaterials/MatineeGroups/MAT_Groups_Slomo.uasset" 127
"../../../Engine/Content/EditorMaterials/MatineeGroups/MAT_Groups_Slomo.uexp" 128
"../../../Engine/Content/EditorMaterials/MatineeGroups/MAT_Groups_Sound.uasset" 129
"../../../Engine/Content/EditorMaterials/MatineeGroups/MAT_Groups_Sound.uexp" 130
"../../../Engine/Content/EditorMaterials/MatineeGroups/MAT_Groups_Vector.uasset" 131
"../../../Engine/Content/EditorMaterials/MatineeGroups/MAT_Groups_Vector.uexp" 132
"../../../Engine/Content/EditorMaterials/ParticleSystems/PSysThumbnail_NoImage.uasset" 133
"../../../Engine/Content/EditorMaterials/ParticleSystems/PSysThumbnail_NoImage.uexp" 134
"../../../Engine/Content/EditorMaterials/ParticleSystems/PSysThumbnail_NoImage.ubulk" 135
"../../../Engine/Content/EditorMaterials/ParticleSystems/PSysThumbnail_OOD.uasset" 136
"../../../Engine/Content/EditorMaterials/ParticleSystems/PSysThumbnail_OOD.uexp" 137
"../../../Engine/Content/EditorMaterials/ParticleSystems/PSysThumbnail_OOD.ubulk" 138
"../../../Engine/Content/Functions/Engine_MaterialFunctions02/Utility/BreakOutFloat3Components.uasset" 139
"../../../Engine/Content/Functions/Engine_MaterialFunctions02/Utility/BreakOutFloat3Components.uexp" 140
"../../../Engine/Content/Functions/Engine_MaterialFunctions02/Utility/MakeFloat4.uasset" 141
"../../../Engine/Content/Functions/Engine_MaterialFunctions02/Utility/MakeFloat4.uexp" 142
"../../../Engine/Content/Functions/Engine_MaterialFunctions02/Utility/MakeFloat3.uasset" 143
"../../../Engine/Content/Functions/Engine_MaterialFunctions02/Utility/MakeFloat3.uexp" 144
"../../../Engine/Content/EditorMaterials/WorldPartition/WorldPartitionSpatialHashGridPreviewMaterial.uasset" 145
"../../../Engine/Content/EditorMaterials/WorldPartition/WorldPartitionSpatialHashGridPreviewMaterial.uexp" 146
"../../../Engine/Content/EditorMaterials/Camera/CineMat.uasset" 147
"../../../Engine/Content/EditorMaterials/Camera/CineMat.uexp" 148
"../../../Engine/Content/EditorMaterials/Camera/MI_CineMat_Rig.uasset" 149
"../../../Engine/Content/EditorMaterials/Camera/MI_CineMat_Rig.uexp" 150
"../../../Engine/Content/EditorMeshes/Camera/SM_CraneRig_Arm.uasset" 151
"../../../Engine/Content/EditorMeshes/Camera/SM_CraneRig_Arm.uexp" 152
"../../../Engine/Content/EditorMeshes/Camera/SM_CraneRig_Arm.ubulk" 153
"../../../Engine/Content/EditorMeshes/Camera/SM_CraneRig_Base.uasset" 154
"../../../Engine/Content/EditorMeshes/Camera/SM_CraneRig_Base.uexp" 155
"../../../Engine/Content/EditorMeshes/Camera/SM_CraneRig_Base.ubulk" 156
"../../../Engine/Content/EditorMeshes/Camera/SM_CraneRig_Body.uasset" 157
"../../../Engine/Content/EditorMeshes/Camera/SM_CraneRig_Body.uexp" 158
"../../../Engine/Content/EditorMeshes/Camera/SM_CraneRig_Body.ubulk" 159
"../../../Engine/Content/EditorMeshes/Camera/SM_CraneRig_Mount.uasset" 160
"../../../Engine/Content/EditorMeshes/Camera/SM_CraneRig_Mount.uexp" 161
"../../../Engine/Content/EditorMeshes/Camera/SM_CraneRig_Mount.ubulk" 162
"../../../Engine/Content/EditorMeshes/Camera/SM_RailRig_Mount.uasset" 163
"../../../Engine/Content/EditorMeshes/Camera/SM_RailRig_Mount.uexp" 164
"../../../Engine/Content/EditorMeshes/Camera/SM_RailRig_Mount.ubulk" 165
"../../../Engine/Content/EditorMeshes/Camera/SM_RailRig_Track.uasset" 166
"../../../Engine/Content/EditorMeshes/Camera/SM_RailRig_Track.uexp" 167
"../../../Engine/Content/EditorMeshes/Camera/SM_RailRig_Track.ubulk" 168
"../../../Engine/Content/EditorResources/BSPVertex.uasset" 169
"../../../Engine/Content/EditorResources/BSPVertex.uexp" 170
"../../../Engine/Content/EditorResources/EmptyActor.uasset" 171
"../../../Engine/Content/EditorResources/EmptyActor.uexp" 172
"../../../Engine/Content/EditorResources/S_Actor.uasset" 173
"../../../Engine/Content/EditorResources/S_Actor.uexp" 174
"../../../Engine/Content/EditorResources/S_Actor.ubulk" 175
"../../../Engine/Content/EditorResources/S_BoxReflectionCapture.uasset" 176
"../../../Engine/Content/EditorResources/S_BoxReflectionCapture.uexp" 177
"../../../Engine/Content/EditorResources/S_Note.uasset" 178
"../../../Engine/Content/EditorResources/S_Note.uexp" 179
"../../../Engine/Content/EditorResources/S_Solver.uasset" 180
"../../../Engine/Content/EditorResources/S_Solver.uexp" 181
"../../../Engine/Content/EditorResources/S_Solver.ubulk" 182
"../../../Engine/Content/EditorResources/S_Terrain.uasset" 183
"../../../Engine/Content/EditorResources/S_Terrain.uexp" 184
"../../../Engine/Content/EditorResources/S_Terrain.ubulk" 185
"../../../Engine/Content/EditorResources/S_Trigger.uasset" 186
"../../../Engine/Content/EditorResources/S_Trigger.uexp" 187
"../../../Engine/Content/EditorResources/S_Trigger.ubulk" 188
"../../../Engine/Content/EditorResources/S_TriggerBox.uasset" 189
"../../../Engine/Content/EditorResources/S_TriggerBox.uexp" 190
"../../../Engine/Content/EditorResources/S_TriggerCapsule.uasset" 191
"../../../Engine/Content/EditorResources/S_TriggerCapsule.uexp" 192
"../../../Engine/Content/EditorResources/S_TriggerSphere.uasset" 193
"../../../Engine/Content/EditorResources/S_TriggerSphere.uexp" 194
"../../../Engine/Content/EditorResources/LightIcons/S_LightError.uasset" 195
"../../../Engine/Content/EditorResources/LightIcons/S_LightError.uexp" 196
"../../../Engine/Content/EditorResources/SequenceRecorder/Countdown.uasset" 197
"../../../Engine/Content/EditorResources/SequenceRecorder/Countdown.uexp" 198
"../../../Engine/Content/EditorResources/SequenceRecorder/RecordingIndicator.uasset" 199
"../../../Engine/Content/EditorResources/SequenceRecorder/RecordingIndicator.uexp" 200
"../../../Engine/Content/EngineDamageTypes/DmgTypeBP_Environmental.uasset" 201
"../../../Engine/Content/EngineDamageTypes/DmgTypeBP_Environmental.uexp" 202
"../../../Engine/Content/EngineDebugMaterials/DebugEditorMaterial.uasset" 203
"../../../Engine/Content/EngineDebugMaterials/DebugEditorMaterial.uexp" 204
"../../../Engine/Content/EngineDebugMaterials/DebugMeshMaterial.uasset" 205
"../../../Engine/Content/EngineDebugMaterials/DebugMeshMaterial.uexp" 206
"../../../Engine/Content/EngineDebugMaterials/M_SimpleUnlitTranslucent.uasset" 207
"../../../Engine/Content/EngineDebugMaterials/M_SimpleUnlitTranslucent.uexp" 208
"../../../Engine/Content/Functions/Engine_MaterialFunctions02/Utility/CameraDirectionVector.uasset" 209
"../../../Engine/Content/Functions/Engine_MaterialFunctions02/Utility/CameraDirectionVector.uexp" 210
"../../../Engine/Content/EngineDebugMaterials/VolumeToRender.uasset" 211
"../../../Engine/Content/EngineDebugMaterials/VolumeToRender.uexp" 212
"../../../Engine/Content/EngineDebugMaterials/M_VolumeRenderSphereTracePP.uasset" 213
"../../../Engine/Content/EngineDebugMaterials/M_VolumeRenderSphereTracePP.uexp" 214
"../../../Engine/Content/Functions/Engine_MaterialFunctions01/Shading/ConvertFromDiffSpec.uasset" 215
"../../../Engine/Content/Functions/Engine_MaterialFunctions01/Shading/ConvertFromDiffSpec.uexp" 216
"../../../Engine/Content/EngineDebugMaterials/VertexColorMaterial.uasset" 217
"../../../Engine/Content/EngineDebugMaterials/VertexColorMaterial.uexp" 218
"../../../Engine/Content/EngineDebugMaterials/WireframeMaterial.uasset" 219
"../../../Engine/Content/EngineDebugMaterials/WireframeMaterial.uexp" 220
"../../../Engine/Content/EngineFonts/Faces/RobotoBoldItalic.uasset" 221
"../../../Engine/Content/EngineFonts/Faces/RobotoBoldItalic.uexp" 222
"../../../Engine/Content/EngineFonts/Faces/RobotoBoldItalic.ufont" 223
"../../../Engine/Content/EngineFonts/Faces/RobotoItalic.uasset" 224
"../../../Engine/Content/EngineFonts/Faces/RobotoItalic.uexp" 225
"../../../Engine/Content/EngineFonts/Faces/RobotoItalic.ufont" 226
"../../../Engine/Content/EngineFonts/Faces/RobotoBold.uasset" 227
"../../../Engine/Content/EngineFonts/Faces/RobotoBold.uexp" 228
"../../../Engine/Content/EngineFonts/Faces/RobotoBold.ufont" 229
"../../../Engine/Content/EngineFonts/Faces/DroidSansFallback.uasset" 230
"../../../Engine/Content/EngineFonts/Faces/DroidSansFallback.uexp" 231
"../../../Engine/Content/EngineFonts/Faces/DroidSansFallback.ufont" 232
"../../../Engine/Content/EngineFonts/Faces/RobotoRegular.uasset" 233
"../../../Engine/Content/EngineFonts/Faces/RobotoRegular.uexp" 234
"../../../Engine/Content/EngineFonts/Faces/RobotoRegular.ufont" 235
"../../../Engine/Content/EngineFonts/Faces/RobotoLight.uasset" 236
"../../../Engine/Content/EngineFonts/Faces/RobotoLight.uexp" 237
"../../../Engine/Content/EngineFonts/Faces/RobotoLight.ufont" 238
"../../../Engine/Content/EngineFonts/Roboto.uasset" 239
"../../../Engine/Content/EngineFonts/Roboto.uexp" 240
"../../../Engine/Content/EngineMaterials/BaseFlattenEmissiveMap.uasset" 241
"../../../Engine/Content/EngineMaterials/BaseFlattenEmissiveMap.uexp" 242
"../../../Engine/Content/EngineMaterials/BaseFlattenGrayscaleMap.uasset" 243
"../../../Engine/Content/EngineMaterials/BaseFlattenGrayscaleMap.uexp" 244
"../../../Engine/Content/EngineMaterials/BaseFlattenNormalMap.uasset" 245
"../../../Engine/Content/EngineMaterials/BaseFlattenNormalMap.uexp" 246
"../../../Engine/Content/EngineMaterials/BaseFlattenDiffuseMap.uasset" 247
"../../../Engine/Content/EngineMaterials/BaseFlattenDiffuseMap.uexp" 248
"../../../Engine/Content/EngineMaterials/BaseFlattenMaterial.uasset" 249
"../../../Engine/Content/EngineMaterials/BaseFlattenMaterial.uexp" 250
"../../../Engine/Content/EngineMaterials/BaseFlattenDiffuseMap_VT.uasset" 251
"../../../Engine/Content/EngineMaterials/BaseFlattenDiffuseMap_VT.uexp" 252
"../../../Engine/Content/EngineMaterials/BaseFlattenNormalMap_VT.uasset" 253
"../../../Engine/Content/EngineMaterials/BaseFlattenNormalMap_VT.uexp" 254
"../../../Engine/Content/EngineMaterials/BaseFlattenGrayscaleMap_VT.uasset" 255
"../../../Engine/Content/EngineMaterials/BaseFlattenGrayscaleMap_VT.uexp" 256
"../../../Engine/Content/EngineMaterials/BaseFlattenEmissiveMap_VT.uasset" 257
"../../../Engine/Content/EngineMaterials/BaseFlattenEmissiveMap_VT.uexp" 258
"../../../Engine/Content/EngineMaterials/BaseFlattenMaterial_VT.uasset" 259
"../../../Engine/Content/EngineMaterials/BaseFlattenMaterial_VT.uexp" 260
"../../../Engine/Content/EngineMaterials/BlueNoise.uasset" 261
"../../../Engine/Content/EngineMaterials/BlueNoise.uexp" 262
"../../../Engine/Content/EngineMaterials/DefaultBloomKernel.uasset" 263
"../../../Engine/Content/EngineMaterials/DefaultBloomKernel.uexp" 264
"../../../Engine/Content/EngineMaterials/DefaultBokeh.uasset" 265
"../../../Engine/Content/EngineMaterials/DefaultBokeh.uexp" 266
"../../../Engine/Content/EngineMaterials/DefaultDiffuse.uasset" 267
"../../../Engine/Content/EngineMaterials/DefaultDiffuse.uexp" 268
"../../../Engine/Content/EngineMaterials/DefaultDiffuse.ubulk" 269
"../../../Engine/Content/EngineMaterials/DefaultDeferredDecalMaterial.uasset" 270
"../../../Engine/Content/EngineMaterials/DefaultDeferredDecalMaterial.uexp" 271
"../../../Engine/Content/EngineMaterials/DefaultLightFunctionMaterial.uasset" 272
"../../../Engine/Content/EngineMaterials/DefaultLightFunctionMaterial.uexp" 273
"../../../Engine/Content/EngineMaterials/DefaultPhysicalMaterial.uasset" 274
"../../../Engine/Content/EngineMaterials/DefaultPhysicalMaterial.uexp" 275
"../../../Engine/Content/Functions/Engine_MaterialFunctions02/Utility/BreakOutFloat2Components.uasset" 276
"../../../Engine/Content/Functions/Engine_MaterialFunctions02/Utility/BreakOutFloat2Components.uexp" 277
"../../../Engine/Content/EngineMaterials/DefaultPostProcessMaterial.uasset" 278
"../../../Engine/Content/EngineMaterials/DefaultPostProcessMaterial.uexp" 279
"../../../Engine/Content/EngineFonts/RobotoDistanceField.uasset" 280
"../../../Engine/Content/EngineFonts/RobotoDistanceField.uexp" 281
"../../../Engine/Content/EngineMaterials/DefaultTextMaterialOpaque.uasset" 282
"../../../Engine/Content/EngineMaterials/DefaultTextMaterialOpaque.uexp" 283
"../../../Engine/Content/EngineMaterials/DefaultWhiteGrid.uasset" 284
"../../../Engine/Content/EngineMaterials/DefaultWhiteGrid.uexp" 285
"../../../Engine/Content/EngineMaterials/DefaultWhiteGrid.ubulk" 286
"../../../Engine/Content/EngineMaterials/DefaultWhiteGrid_Low.uasset" 287
"../../../Engine/Content/EngineMaterials/DefaultWhiteGrid_Low.uexp" 288
"../../../Engine/Content/EngineMaterials/EmissiveMeshMaterial.uasset" 289
"../../../Engine/Content/EngineMaterials/EmissiveMeshMaterial.uexp" 290
"../../../Engine/Content/EngineMaterials/GizmoMaterial.uasset" 291
"../../../Engine/Content/EngineMaterials/GizmoMaterial.uexp" 292
"../../../Engine/Content/EngineMaterials/Good64x64TilingNoiseHighFreq.uasset" 293
"../../../Engine/Content/EngineMaterials/Good64x64TilingNoiseHighFreq.uexp" 294
"../../../Engine/Content/EngineMaterials/MiniFont.uasset" 295
"../../../Engine/Content/EngineMaterials/MiniFont.uexp" 296
"../../../Engine/Content/EngineMaterials/InvalidLightmapSettings.uasset" 297
"../../../Engine/Content/EngineMaterials/InvalidLightmapSettings.uexp" 298
"../../../Engine/Content/EngineMaterials/InvalidLightmapSettings.ubulk" 299
"../../../Engine/Content/EngineMaterials/M_InvalidLightmapSettings.uasset" 300
"../../../Engine/Content/EngineMaterials/M_InvalidLightmapSettings.uexp" 301
"../../../Engine/Content/Functions/Engine_MaterialFunctions02/WorldPositionOffset/CameraOffset.uasset" 302
"../../../Engine/Content/Functions/Engine_MaterialFunctions02/WorldPositionOffset/CameraOffset.uexp" 303
"../../../Engine/Content/EngineMaterials/PhAT_JointLimitMaterial.uasset" 304
"../../../Engine/Content/EngineMaterials/PhAT_JointLimitMaterial.uexp" 305
"../../../Engine/Content/EngineMaterials/PreintegratedSkinBRDF.uasset" 306
"../../../Engine/Content/EngineMaterials/PreintegratedSkinBRDF.uexp" 307
"../../../Engine/Content/EngineMaterials/RemoveSurfaceMaterial.uasset" 308
"../../../Engine/Content/EngineMaterials/RemoveSurfaceMaterial.uexp" 309
"../../../Engine/Content/EngineMaterials/WeightMapPlaceholderTexture.uasset" 310
"../../../Engine/Content/EngineMaterials/WeightMapPlaceholderTexture.uexp" 311
"../../../Engine/Content/EngineResources/WhiteSquareTexture.uasset" 312
"../../../Engine/Content/EngineResources/WhiteSquareTexture.uexp" 313
"../../../Engine/Content/EngineMaterials/Widget3DPassThrough.uasset" 314
"../../../Engine/Content/EngineMaterials/Widget3DPassThrough.uexp" 315
"../../../Engine/Content/EngineMaterials/Widget3DPassThrough_Masked.uasset" 316
"../../../Engine/Content/EngineMaterials/Widget3DPassThrough_Masked.uexp" 317
"../../../Engine/Content/EngineMaterials/Widget3DPassThrough_Opaque.uasset" 318
"../../../Engine/Content/EngineMaterials/Widget3DPassThrough_Opaque.uexp" 319
"../../../Engine/Content/EngineMaterials/Widget3DPassThrough_Masked_OneSided.uasset" 320
"../../../Engine/Content/EngineMaterials/Widget3DPassThrough_Masked_OneSided.uexp" 321
"../../../Engine/Content/EngineMaterials/Widget3DPassThrough_Opaque_OneSided.uasset" 322
"../../../Engine/Content/EngineMaterials/Widget3DPassThrough_Opaque_OneSided.uexp" 323
"../../../Engine/Content/EngineMaterials/Widget3DPassThrough_Translucent.uasset" 324
"../../../Engine/Content/EngineMaterials/Widget3DPassThrough_Translucent.uexp" 325
"../../../Engine/Content/EngineMaterials/Widget3DPassThrough_Translucent_OneSided.uasset" 326
"../../../Engine/Content/EngineMaterials/Widget3DPassThrough_Translucent_OneSided.uexp" 327
"../../../Engine/Content/EngineMeshes/Sphere.uasset" 328
"../../../Engine/Content/EngineMeshes/Sphere.uexp" 329
"../../../Engine/Content/EngineMeshes/Sphere.ubulk" 330
"../../../Engine/Content/EngineResources/Black.uasset" 331
"../../../Engine/Content/EngineResources/Black.uexp" 332
"../../../Engine/Content/EngineResources/DefaultTextureCube.uasset" 333
"../../../Engine/Content/EngineResources/DefaultTextureCube.uexp" 334
"../../../Engine/Content/EngineResources/DefaultVolumeTexture2D.uasset" 335
"../../../Engine/Content/EngineResources/DefaultVolumeTexture2D.uexp" 336
"../../../Engine/Content/EngineResources/DefaultVolumeTexture.uasset" 337
"../../../Engine/Content/EngineResources/DefaultVolumeTexture.uexp" 338
"../../../Engine/Content/EngineResources/GradientTexture0.uasset" 339
"../../../Engine/Content/EngineResources/GradientTexture0.uexp" 340
"../../../Engine/Content/EngineSky/VolumetricClouds/CloudGradientTexture.uasset" 341
"../../../Engine/Content/EngineSky/VolumetricClouds/CloudGradientTexture.uexp" 342
"../../../Engine/Content/EngineSky/VolumetricClouds/CloudWeatherTexture.uasset" 343
"../../../Engine/Content/EngineSky/VolumetricClouds/CloudWeatherTexture.uexp" 344
"../../../Engine/Content/EngineSky/VolumetricClouds/T_NoiseShape64.uasset" 345
"../../../Engine/Content/EngineSky/VolumetricClouds/T_NoiseShape64.uexp" 346
"../../../Engine/Content/EngineSky/VolumetricClouds/T_NoiseShape64.ubulk" 347
"../../../Engine/Content/EngineSky/VolumetricClouds/T_VolumeNoiseShape64.uasset" 348
"../../../Engine/Content/EngineSky/VolumetricClouds/T_VolumeNoiseShape64.uexp" 349
"../../../Engine/Content/EngineSky/VolumetricClouds/T_NoiseErosion.uasset" 350
"../../../Engine/Content/EngineSky/VolumetricClouds/T_NoiseErosion.uexp" 351
"../../../Engine/Content/EngineSky/VolumetricClouds/T_NoiseErosion.ubulk" 352
"../../../Engine/Content/EngineSky/VolumetricClouds/T_VolumeNoiseErosion32.uasset" 353
"../../../Engine/Content/EngineSky/VolumetricClouds/T_VolumeNoiseErosion32.uexp" 354
"../../../Engine/Content/Functions/Engine_MaterialFunctions02/Utility/MakeFloat2.uasset" 355
"../../../Engine/Content/Functions/Engine_MaterialFunctions02/Utility/MakeFloat2.uexp" 356
"../../../Engine/Content/EngineSky/VolumetricClouds/m_SimpleVolumetricCloud.uasset" 357
"../../../Engine/Content/EngineSky/VolumetricClouds/m_SimpleVolumetricCloud.uexp" 358
"../../../Engine/Content/EngineSky/VolumetricClouds/m_SimpleVolumetricCloud_Inst.uasset" 359
"../../../Engine/Content/EngineSky/VolumetricClouds/m_SimpleVolumetricCloud_Inst.uexp" 360
"../../../Engine/Content/EngineSounds/Master.uasset" 361
"../../../Engine/Content/EngineSounds/Master.uexp" 362
"../../../Engine/Content/Functions/Engine_MaterialFunctions01/Shading/PowerToRoughness.uasset" 363
"../../../Engine/Content/Functions/Engine_MaterialFunctions01/Shading/PowerToRoughness.uexp" 364
"../../../Engine/Content/Maps/Templates/Thumbnails/Default.uasset" 365
"../../../Engine/Content/Maps/Templates/Thumbnails/Default.uexp" 366
"../../../Engine/Content/Maps/Templates/Thumbnails/TimeOfDay.uasset" 367
"../../../Engine/Content/Maps/Templates/Thumbnails/TimeOfDay.uexp" 368
"../../../Engine/Content/Maps/Templates/Thumbnails/VR-Basic.uasset" 369
"../../../Engine/Content/Maps/Templates/Thumbnails/VR-Basic.uexp" 370
"../../../Engine/Content/MobileResources/T_MobileControls_texture.uasset" 371
"../../../Engine/Content/MobileResources/T_MobileControls_texture.uexp" 372
"../../../Engine/Content/MobileResources/T_MobileMenu2.uasset" 373
"../../../Engine/Content/MobileResources/T_MobileMenu2.uexp" 374
"../../../Engine/Content/MobileResources/HUD/AnalogHat.uasset" 375
"../../../Engine/Content/MobileResources/HUD/AnalogHat.uexp" 376
"../../../Engine/Content/MobileResources/HUD/VirtualJoystick_Background.uasset" 377
"../../../Engine/Content/MobileResources/HUD/VirtualJoystick_Background.uexp" 378
"../../../Engine/Content/MobileResources/HUD/VirtualJoystick_Thumb.uasset" 379
"../../../Engine/Content/MobileResources/HUD/VirtualJoystick_Thumb.uexp" 380
"../../../Engine/Content/MobileResources/HUD/DefaultVirtualJoysticks.uasset" 381
"../../../Engine/Content/MobileResources/HUD/DefaultVirtualJoysticks.uexp" 382
"../../../Engine/Content/MobileResources/HUD/LeftVirtualJoystickOnly.uasset" 383
"../../../Engine/Content/MobileResources/HUD/LeftVirtualJoystickOnly.uexp" 384
"../../../Engine/Content/MobileResources/HUD/MobileHUDButton1_off.uasset" 385
"../../../Engine/Content/MobileResources/HUD/MobileHUDButton1_off.uexp" 386
"../../../Engine/Content/MobileResources/HUD/MobileHUDButton1_on.uasset" 387
"../../../Engine/Content/MobileResources/HUD/MobileHUDButton1_on.uexp" 388
"../../../Engine/Content/MobileResources/HUD/MobileHUDButton2_off.uasset" 389
"../../../Engine/Content/MobileResources/HUD/MobileHUDButton2_off.uexp" 390
"../../../Engine/Content/MobileResources/HUD/MobileHUDButton2_on.uasset" 391
"../../../Engine/Content/MobileResources/HUD/MobileHUDButton2_on.uexp" 392
"../../../Engine/Content/MobileResources/HUD/MobileHUDButton3.uasset" 393
"../../../Engine/Content/MobileResources/HUD/MobileHUDButton3.uexp" 394
"../../../Engine/Content/MobileResources/HUD/MobileHUDButtonFire.uasset" 395
"../../../Engine/Content/MobileResources/HUD/MobileHUDButtonFire.uexp" 396
"../../../Engine/Content/MobileResources/HUD/MobileHUDDirectionPad.uasset" 397
"../../../Engine/Content/MobileResources/HUD/MobileHUDDirectionPad.uexp" 398
"../../../Engine/Content/MobileResources/HUD/MobileHUDDirectionPad2.uasset" 399
"../../../Engine/Content/MobileResources/HUD/MobileHUDDirectionPad2.uexp" 400
"../../../Engine/Content/MobileResources/HUD/MobileHUDDirectionPad3.uasset" 401
"../../../Engine/Content/MobileResources/HUD/MobileHUDDirectionPad3.uexp" 402
"../../../Engine/Content/MobileResources/HUD/MobileHUDDirectionStick.uasset" 403
"../../../Engine/Content/MobileResources/HUD/MobileHUDDirectionStick.uexp" 404
"../../../Engine/Content/MobileResources/HUD/T_Castle_ThumbstickInner.uasset" 405
"../../../Engine/Content/MobileResources/HUD/T_Castle_ThumbstickInner.uexp" 406
"../../../Engine/Content/MobileResources/HUD/T_Castle_ThumbstickOutter.uasset" 407
"../../../Engine/Content/MobileResources/HUD/T_Castle_ThumbstickOutter.uexp" 408
"../../../Engine/Content/Tutorial/ContentIntroCurve.uasset" 409
"../../../Engine/Content/Tutorial/ContentIntroCurve.uexp" 410
"../../../Engine/Content/VREditor/LaserPointer/VR_LaserPower_01.uasset" 411
"../../../Engine/Content/VREditor/LaserPointer/VR_LaserPower_01.uexp" 412
"../../../Engine/Content/VREditor/LaserPointer/VR_LaserPower_01.ubulk" 413
"../../../Engine/Content/VREditor/TransformGizmo/TransformGizmoMaterial.uasset" 414
"../../../Engine/Content/VREditor/TransformGizmo/TransformGizmoMaterial.uexp" 415
"../../../Engine/Content/VREditor/TransformGizmo/TranslucentTransformGizmoMaterial.uasset" 416
"../../../Engine/Content/VREditor/TransformGizmo/TranslucentTransformGizmoMaterial.uexp" 417
"../../../Engine/Content/VREditor/TransformGizmo/BoundingBoxCorner.uasset" 418
"../../../Engine/Content/VREditor/TransformGizmo/BoundingBoxCorner.uexp" 419
"../../../Engine/Content/VREditor/TransformGizmo/BoundingBoxCorner.ubulk" 420
"../../../Engine/Content/VREditor/TransformGizmo/BoundingBoxEdge.uasset" 421
"../../../Engine/Content/VREditor/TransformGizmo/BoundingBoxEdge.uexp" 422
"../../../Engine/Content/VREditor/TransformGizmo/BoundingBoxEdge.ubulk" 423
"../../../Engine/Content/VREditor/TransformGizmo/PlaneTranslationHandle.uasset" 424
"../../../Engine/Content/VREditor/TransformGizmo/PlaneTranslationHandle.uexp" 425
"../../../Engine/Content/VREditor/TransformGizmo/PlaneTranslationHandle.ubulk" 426
"../../../Engine/Content/VREditor/TransformGizmo/Main.uasset" 427
"../../../Engine/Content/VREditor/TransformGizmo/Main.uexp" 428
"../../../Engine/Content/VREditor/TransformGizmo/Xray.uasset" 429
"../../../Engine/Content/VREditor/TransformGizmo/Xray.uexp" 430
"../../../Engine/Content/VREditor/TransformGizmo/SM_Sequencer_Key.uasset" 431
"../../../Engine/Content/VREditor/TransformGizmo/SM_Sequencer_Key.uexp" 432
"../../../Engine/Content/VREditor/TransformGizmo/SM_Sequencer_Key.ubulk" 433
"../../../Engine/Content/VREditor/TransformGizmo/SM_Sequencer_Node.uasset" 434
"../../../Engine/Content/VREditor/TransformGizmo/SM_Sequencer_Node.uexp" 435
"../../../Engine/Content/VREditor/TransformGizmo/SM_Sequencer_Node.ubulk" 436
"../../../Engine/Plugins/2D/Paper2D/Content/PlaceholderTextures/DummySpriteTexture.uasset" 437
"../../../Engine/Plugins/2D/Paper2D/Content/PlaceholderTextures/DummySpriteTexture.uexp" 438
"../../../Engine/Plugins/2D/Paper2D/Content/PlaceholderTextures/DummySpriteTexture.ubulk" 439
"../../../Engine/Plugins/2D/Paper2D/Content/DummySprite.uasset" 440
"../../../Engine/Plugins/2D/Paper2D/Content/DummySprite.uexp" 441
"../../../Engine/Plugins/2D/Paper2D/Content/DefaultPaperTerrainMaterial.uasset" 442
"../../../Engine/Plugins/2D/Paper2D/Content/DefaultPaperTerrainMaterial.uexp" 443
"../../../Engine/Plugins/2D/Paper2D/Content/DefaultSpriteMaterial.uasset" 444
"../../../Engine/Plugins/2D/Paper2D/Content/DefaultSpriteMaterial.uexp" 445
"../../../Engine/Plugins/2D/Paper2D/Content/MaskedUnlitSpriteMaterial.uasset" 446
"../../../Engine/Plugins/2D/Paper2D/Content/MaskedUnlitSpriteMaterial.uexp" 447
"../../../Engine/Plugins/2D/Paper2D/Content/OpaqueUnlitSpriteMaterial.uasset" 448
"../../../Engine/Plugins/2D/Paper2D/Content/OpaqueUnlitSpriteMaterial.uexp" 449
"../../../Engine/Content/Functions/Engine_MaterialFunctions02/ObjectLocalBounds.uasset" 450
"../../../Engine/Content/Functions/Engine_MaterialFunctions02/ObjectLocalBounds.uexp" 451
"../../../Engine/Content/EngineResources/DefaultTexture.uasset" 452
"../../../Engine/Content/EngineResources/DefaultTexture.uexp" 453
"../../../Engine/Content/EngineResources/DefaultTexture.ubulk" 454
"../../../Engine/Content/Functions/Engine_MaterialFunctions02/SafeNormalize.uasset" 455
"../../../Engine/Content/Functions/Engine_MaterialFunctions02/SafeNormalize.uexp" 456
"../../../Engine/Content/Functions/Engine_MaterialFunctions02/UVs/BoundingBoxBased_0-1_UVW.uasset" 457
"../../../Engine/Content/Functions/Engine_MaterialFunctions02/UVs/BoundingBoxBased_0-1_UVW.uexp" 458
"../../../Engine/Plugins/Editor/SpeedTreeImporter/Content/SpeedTree9/game_wind_noise.uasset" 459
"../../../Engine/Plugins/Editor/SpeedTreeImporter/Content/SpeedTree9/game_wind_noise.uexp" 460
"../../../Engine/Plugins/Editor/SpeedTreeImporter/Content/SpeedTree9/game_wind_noise.ubulk" 461
"../../../Engine/Plugins/Editor/SpeedTreeImporter/Content/SpeedTree9/SpeedTreeBillboard.uasset" 462
"../../../Engine/Plugins/Editor/SpeedTreeImporter/Content/SpeedTree9/SpeedTreeBillboard.uexp" 463
"../../../Engine/Plugins/Editor/SpeedTreeImporter/Content/SpeedTree9/SpeedTreeWindMotion.uasset" 464
"../../../Engine/Plugins/Editor/SpeedTreeImporter/Content/SpeedTree9/SpeedTreeWindMotion.uexp" 465
"../../../Engine/Plugins/Editor/SpeedTreeImporter/Content/SpeedTree9/UnpackDirection.uasset" 466
"../../../Engine/Plugins/Editor/SpeedTreeImporter/Content/SpeedTree9/UnpackDirection.uexp" 467
"../../../Engine/Plugins/Editor/SpeedTreeImporter/Content/SpeedTree9/UnpackInteger3.uasset" 468
"../../../Engine/Plugins/Editor/SpeedTreeImporter/Content/SpeedTree9/UnpackInteger3.uexp" 469
"../../../Engine/Plugins/Editor/SpeedTreeImporter/Content/SpeedTree9/SpeedTreeBranchMotion.uasset" 470
"../../../Engine/Plugins/Editor/SpeedTreeImporter/Content/SpeedTree9/SpeedTreeBranchMotion.uexp" 471
"../../../Engine/Plugins/Editor/SpeedTreeImporter/Content/SpeedTree9/SpeedTreeWind.uasset" 472
"../../../Engine/Plugins/Editor/SpeedTreeImporter/Content/SpeedTree9/SpeedTreeWind.uexp" 473
"../../../Engine/Plugins/Editor/SpeedTreeImporter/Content/SpeedTree9/SpeedTreeBillboardMaster.uasset" 474
"../../../Engine/Plugins/Editor/SpeedTreeImporter/Content/SpeedTree9/SpeedTreeBillboardMaster.uexp" 475
"../../../Engine/Plugins/Editor/SpeedTreeImporter/Content/SpeedTree9/SpeedTreeCameraFacing.uasset" 476
"../../../Engine/Plugins/Editor/SpeedTreeImporter/Content/SpeedTree9/SpeedTreeCameraFacing.uexp" 477
"../../../Engine/Plugins/Editor/SpeedTreeImporter/Content/SpeedTree9/SpeedTreeMaster.uasset" 478
"../../../Engine/Plugins/Editor/SpeedTreeImporter/Content/SpeedTree9/SpeedTreeMaster.uexp" 479
"../../../Engine/Content/ArtTools/RenderToTexture/Materials/Debug/M_Emissive_Color.uasset" 480
"../../../Engine/Content/ArtTools/RenderToTexture/Materials/Debug/M_Emissive_Color.uexp" 481
"../../../Engine/Content/BasicShapes/Cylinder.uasset" 482
"../../../Engine/Content/BasicShapes/Cylinder.uexp" 483
"../../../Engine/Content/BasicShapes/Cylinder.ubulk" 484
"../../../Engine/Plugins/Lumin/MagicLeapPassableWorld/Content/MagicLeapARPinInfoActor.uasset" 485
"../../../Engine/Plugins/Lumin/MagicLeapPassableWorld/Content/MagicLeapARPinInfoActor.uexp" 486
"../../../Engine/Plugins/Runtime/HairStrands/Content/Materials/HairCardsDefaultMaterial.uasset" 487
"../../../Engine/Plugins/Runtime/HairStrands/Content/Materials/HairCardsDefaultMaterial.uexp" 488
"../../../Engine/Content/EngineMaterials/HairDebugColor.uasset" 489
"../../../Engine/Content/EngineMaterials/HairDebugColor.uexp" 490
"../../../Engine/Content/EngineMaterials/HairColorMap.uasset" 491
"../../../Engine/Content/EngineMaterials/HairColorMap.uexp" 492
"../../../Engine/Plugins/Runtime/HairStrands/Content/Materials/HairDebugMaterial.uasset" 493
"../../../Engine/Plugins/Runtime/HairStrands/Content/Materials/HairDebugMaterial.uexp" 494
"../../../Engine/Plugins/Runtime/HairStrands/Content/Materials/HairDefaultMaterial.uasset" 495
"../../../Engine/Plugins/Runtime/HairStrands/Content/Materials/HairDefaultMaterial.uexp" 496
"../../../Engine/Plugins/Runtime/HairStrands/Content/Materials/HairMeshesDefaultMaterial.uasset" 497
"../../../Engine/Plugins/Runtime/HairStrands/Content/Materials/HairMeshesDefaultMaterial.uexp" 498
"../../../Engine/Content/Functions/Engine_MaterialFunctions02/Utility/BreakOutFloat4Components.uasset" 499
"../../../Engine/Content/Functions/Engine_MaterialFunctions02/Utility/BreakOutFloat4Components.uexp" 500
"../../../Engine/Plugins/Runtime/Oculus/OculusVR/Content/Materials/OculusMR_ChromaKey.uasset" 501
"../../../Engine/Plugins/Runtime/Oculus/OculusVR/Content/Materials/OculusMR_ChromaKey.uexp" 502
"../../../Engine/Plugins/Runtime/Oculus/OculusVR/Content/Materials/OculusMR_OpaqueColoredMaterial.uasset" 503
"../../../Engine/Plugins/Runtime/Oculus/OculusVR/Content/Materials/OculusMR_OpaqueColoredMaterial.uexp" 504
"../../../Engine/Plugins/Runtime/Oculus/OculusVR/Content/Materials/PokeAHoleMaterial.uasset" 505
"../../../Engine/Plugins/Runtime/Oculus/OculusVR/Content/Materials/PokeAHoleMaterial.uexp" 506
"D:/UE5_GameDev/IntercampusGJ_2021/Content/Materials/M_Outer_Wings.uasset" 507
"D:/UE5_GameDev/IntercampusGJ_2021/Content/Materials/M_Outer_Wings.uexp" 508
"D:/UE5_GameDev/IntercampusGJ_2021/Content/Materials/Jar/Jar_Lid.uasset" 509
"D:/UE5_GameDev/IntercampusGJ_2021/Content/Materials/Jar/Jar_Lid.uexp" 510
"D:/UE5_GameDev/IntercampusGJ_2021/Content/Materials/Lamp/M_LampGlass.uasset" 511
"D:/UE5_GameDev/IntercampusGJ_2021/Content/Materials/Lamp/M_LampGlass.uexp" 512
"D:/UE5_GameDev/IntercampusGJ_2021/Content/Meshs/Lamp/Lamp.uasset" 513
"D:/UE5_GameDev/IntercampusGJ_2021/Content/Meshs/Lamp/Lamp.uexp" 514
"D:/UE5_GameDev/IntercampusGJ_2021/Content/Meshs/Lamp/Lamp.ubulk" 515
"D:/UE5_GameDev/IntercampusGJ_2021/Content/Blueprints/Lamp/BP_Lamp.uasset" 516
"D:/UE5_GameDev/IntercampusGJ_2021/Content/Blueprints/Lamp/BP_Lamp.uexp" 517
"D:/UE5_GameDev/IntercampusGJ_2021/Content/Materials/M_Tail.uasset" 518
"D:/UE5_GameDev/IntercampusGJ_2021/Content/Materials/M_Tail.uexp" 519
"D:/UE5_GameDev/IntercampusGJ_2021/Content/Materials/Firefly_Colors/M_Tail_Green.uasset" 520
"D:/UE5_GameDev/IntercampusGJ_2021/Content/Materials/Firefly_Colors/M_Tail_Green.uexp" 521
"D:/UE5_GameDev/IntercampusGJ_2021/Content/Blueprints/Lamp/BP_Lamp_Green.uasset" 522
"D:/UE5_GameDev/IntercampusGJ_2021/Content/Blueprints/Lamp/BP_Lamp_Green.uexp" 523
"D:/UE5_GameDev/IntercampusGJ_2021/Content/Materials/Firefly_Colors/M_Tail_Blue.uasset" 524
"D:/UE5_GameDev/IntercampusGJ_2021/Content/Materials/Firefly_Colors/M_Tail_Blue.uexp" 525
"D:/UE5_GameDev/IntercampusGJ_2021/Content/Blueprints/Lamp/BP_Lamp_Bue.uasset" 526
"D:/UE5_GameDev/IntercampusGJ_2021/Content/Blueprints/Lamp/BP_Lamp_Bue.uexp" 527
"D:/UE5_GameDev/IntercampusGJ_2021/Content/Materials/Firefly_Colors/M_Tail_Red.uasset" 528
"D:/UE5_GameDev/IntercampusGJ_2021/Content/Materials/Firefly_Colors/M_Tail_Red.uexp" 529
"D:/UE5_GameDev/IntercampusGJ_2021/Content/Blueprints/Lamp/BP_Lamp_Red.uasset" 530
"D:/UE5_GameDev/IntercampusGJ_2021/Content/Blueprints/Lamp/BP_Lamp_Red.uexp" 531
"D:/UE5_GameDev/IntercampusGJ_2021/Content/Blueprints/Player/BP_GJ_PlayerCOntroller.uasset" 532
"D:/UE5_GameDev/IntercampusGJ_2021/Content/Blueprints/Player/BP_GJ_PlayerCOntroller.uexp" 533
"D:/UE5_GameDev/IntercampusGJ_2021/Content/GameModes/GJ_GM.uasset" 534
"D:/UE5_GameDev/IntercampusGJ_2021/Content/GameModes/GJ_GM.uexp" 535
"D:/UE5_GameDev/IntercampusGJ_2021/Content/Maps/TestMap_BuiltData.uasset" 536
"D:/UE5_GameDev/IntercampusGJ_2021/Content/Maps/TestMap_BuiltData.uexp" 537
"D:/UE5_GameDev/IntercampusGJ_2021/Content/Maps/TestMap_BuiltData.ubulk" 538
"../../../Engine/Content/EngineSky/T_Sky_Clouds_M.uasset" 539
"../../../Engine/Content/EngineSky/T_Sky_Clouds_M.uexp" 540
"../../../Engine/Content/EngineSky/T_Sky_Clouds_M.ubulk" 541
"../../../Engine/Content/EngineSky/T_Sky_Stars.uasset" 542
"../../../Engine/Content/EngineSky/T_Sky_Stars.uexp" 543
"../../../Engine/Content/EngineSky/T_Sky_Stars.ubulk" 544
"../../../Engine/Content/EngineSky/T_Sky_Blue.uasset" 545
"../../../Engine/Content/EngineSky/T_Sky_Blue.uexp" 546
"../../../Engine/Content/EngineSky/T_Sky_Blue.ubulk" 547
"../../../Engine/Content/EngineSky/M_Sky_Panning_Clouds2.uasset" 548
"../../../Engine/Content/EngineSky/M_Sky_Panning_Clouds2.uexp" 549
"D:/UE5_GameDev/IntercampusGJ_2021/Content/Textures/Door/Wood/TexturesCom_Wood_PlanksRough1Base_2x2_1K_albedo.uasset" 550
"D:/UE5_GameDev/IntercampusGJ_2021/Content/Textures/Door/Wood/TexturesCom_Wood_PlanksRough1Base_2x2_1K_albedo.uexp" 551
"D:/UE5_GameDev/IntercampusGJ_2021/Content/Textures/Door/Wood/TexturesCom_Wood_PlanksRough1Base_2x2_1K_albedo.ubulk" 552
"D:/UE5_GameDev/IntercampusGJ_2021/Content/Textures/Door/Wood/TexturesCom_Wood_PlanksRough1Base_2x2_1K_normal.uasset" 553
"D:/UE5_GameDev/IntercampusGJ_2021/Content/Textures/Door/Wood/TexturesCom_Wood_PlanksRough1Base_2x2_1K_normal.uexp" 554
"D:/UE5_GameDev/IntercampusGJ_2021/Content/Textures/Door/Wood/TexturesCom_Wood_PlanksRough1Base_2x2_1K_normal.ubulk" 555
"D:/UE5_GameDev/IntercampusGJ_2021/Content/Textures/Door/Wood/TexturesCom_Wood_PlanksRough1Base_2x2_1K_roughness.uasset" 556
"D:/UE5_GameDev/IntercampusGJ_2021/Content/Textures/Door/Wood/TexturesCom_Wood_PlanksRough1Base_2x2_1K_roughness.uexp" 557
"D:/UE5_GameDev/IntercampusGJ_2021/Content/Textures/Door/Wood/TexturesCom_Wood_PlanksRough1Base_2x2_1K_roughness.ubulk" 558
"D:/UE5_GameDev/IntercampusGJ_2021/Content/Materials/Door/M_Door_Wood.uasset" 559
"D:/UE5_GameDev/IntercampusGJ_2021/Content/Materials/Door/M_Door_Wood.uexp" 560
"../../../Engine/Content/Functions/Engine_MaterialFunctions02/SplitComponents.uasset" 561
"../../../Engine/Content/Functions/Engine_MaterialFunctions02/SplitComponents.uexp" 562
"D:/UE5_GameDev/IntercampusGJ_2021/Content/Materials/MF_ConvolveTexture.uasset" 563
"D:/UE5_GameDev/IntercampusGJ_2021/Content/Materials/MF_ConvolveTexture.uexp" 564
"D:/UE5_GameDev/IntercampusGJ_2021/Content/Materials/MF_ExtractDepth.uasset" 565
"D:/UE5_GameDev/IntercampusGJ_2021/Content/Materials/MF_ExtractDepth.uexp" 566
"D:/UE5_GameDev/IntercampusGJ_2021/Content/Materials/MF_SampleSceneTextureNeighbourUVs.uasset" 567
"D:/UE5_GameDev/IntercampusGJ_2021/Content/Materials/MF_SampleSceneTextureNeighbourUVs.uexp" 568
"../../../Engine/Content/Functions/Engine_MaterialFunctions02/Utility/VectorLength.uasset" 569
"../../../Engine/Content/Functions/Engine_MaterialFunctions02/Utility/VectorLength.uexp" 570
"D:/UE5_GameDev/IntercampusGJ_2021/Content/Materials/PP_Outliner_M.uasset" 571
"D:/UE5_GameDev/IntercampusGJ_2021/Content/Materials/PP_Outliner_M.uexp" 572
"D:/UE5_GameDev/IntercampusGJ_2021/Content/Materials/PP_Outliner_Inst.uasset" 573
"D:/UE5_GameDev/IntercampusGJ_2021/Content/Materials/PP_Outliner_Inst.uexp" 574
"../../../Engine/Content/BasicShapes/Cube.uasset" 575
"../../../Engine/Content/BasicShapes/Cube.uexp" 576
"../../../Engine/Content/BasicShapes/Cube.ubulk" 577
"../../../Engine/Content/BasicShapes/Sphere.uasset" 578
"../../../Engine/Content/BasicShapes/Sphere.uexp" 579
"../../../Engine/Content/BasicShapes/Sphere.ubulk" 580
"../../../Engine/Content/MapTemplates/SM_Template_Map_Floor.uasset" 581
"../../../Engine/Content/MapTemplates/SM_Template_Map_Floor.uexp" 582
"../../../Engine/Content/MapTemplates/SM_Template_Map_Floor.ubulk" 583
"D:/UE5_GameDev/IntercampusGJ_2021/Content/Textures/LUT_Night1.uasset" 584
"D:/UE5_GameDev/IntercampusGJ_2021/Content/Textures/LUT_Night1.uexp" 585
"D:/UE5_GameDev/IntercampusGJ_2021/Content/Textures/Icons/bug-net_1_.uasset" 586
"D:/UE5_GameDev/IntercampusGJ_2021/Content/Textures/Icons/bug-net_1_.uexp" 587
"D:/UE5_GameDev/IntercampusGJ_2021/Content/Textures/Icons/bug-net_1_.ubulk" 588
"D:/UE5_GameDev/IntercampusGJ_2021/Content/Materials/Jar/Jar_Class.uasset" 589
"D:/UE5_GameDev/IntercampusGJ_2021/Content/Materials/Jar/Jar_Class.uexp" 590
"D:/UE5_GameDev/IntercampusGJ_2021/Content/Meshs/Jar/Jar_Body.uasset" 591
"D:/UE5_GameDev/IntercampusGJ_2021/Content/Meshs/Jar/Jar_Body.uexp" 592
"D:/UE5_GameDev/IntercampusGJ_2021/Content/Meshs/Jar/Jar_Body.ubulk" 593
"D:/UE5_GameDev/IntercampusGJ_2021/Content/Meshs/Jar/Jar_Lid.uasset" 594
"D:/UE5_GameDev/IntercampusGJ_2021/Content/Meshs/Jar/Jar_Lid.uexp" 595
"D:/UE5_GameDev/IntercampusGJ_2021/Content/Meshs/Jar/Jar_Lid.ubulk" 596
"D:/UE5_GameDev/IntercampusGJ_2021/Content/Blueprints/Jar/BP_FireflyJar.uasset" 597
"D:/UE5_GameDev/IntercampusGJ_2021/Content/Blueprints/Jar/BP_FireflyJar.uexp" 598
"D:/UE5_GameDev/IntercampusGJ_2021/Content/Widgets/LevelUI/W_UserUI.uasset" 599
"D:/UE5_GameDev/IntercampusGJ_2021/Content/Widgets/LevelUI/W_UserUI.uexp" 600
"D:/UE5_GameDev/IntercampusGJ_2021/Content/Widgets/LevelMenus/W_LevelBegin.uasset" 601
"D:/UE5_GameDev/IntercampusGJ_2021/Content/Widgets/LevelMenus/W_LevelBegin.uexp" 602
"D:/UE5_GameDev/IntercampusGJ_2021/Content/Widgets/LevelMenus/W_Pause.uasset" 603
"D:/UE5_GameDev/IntercampusGJ_2021/Content/Widgets/LevelMenus/W_Pause.uexp" 604
"../../../Engine/Content/EngineSky/C_Sky_Horizon_Color.uasset" 605
"../../../Engine/Content/EngineSky/C_Sky_Horizon_Color.uexp" 606
"../../../Engine/Content/EngineSky/C_Sky_Zenith_Color.uasset" 607
"../../../Engine/Content/EngineSky/C_Sky_Zenith_Color.uexp" 608
"../../../Engine/Content/EngineSky/C_Sky_Cloud_Color.uasset" 609
"../../../Engine/Content/EngineSky/C_Sky_Cloud_Color.uexp" 610
"../../../Engine/Content/EngineSky/SM_SkySphere.uasset" 611
"../../../Engine/Content/EngineSky/SM_SkySphere.uexp" 612
"../../../Engine/Content/EngineSky/SM_SkySphere.ubulk" 613
"../../../Engine/Content/EngineSky/BP_Sky_Sphere.uasset" 614
"../../../Engine/Content/EngineSky/BP_Sky_Sphere.uexp" 615
"D:/UE5_GameDev/IntercampusGJ_2021/Content/Animations/Door/LockedDoor_Anim_Anim.uasset" 616
"D:/UE5_GameDev/IntercampusGJ_2021/Content/Animations/Door/LockedDoor_Anim_Anim.uexp" 617
"D:/UE5_GameDev/IntercampusGJ_2021/Content/Animations/Door/OpenDoor_Anim_Anim.uasset" 618
"D:/UE5_GameDev/IntercampusGJ_2021/Content/Animations/Door/OpenDoor_Anim_Anim.uexp" 619
"D:/UE5_GameDev/IntercampusGJ_2021/Content/Meshs/Door/Door_PhysicsAsset.uasset" 620
"D:/UE5_GameDev/IntercampusGJ_2021/Content/Meshs/Door/Door_PhysicsAsset.uexp" 621
"D:/UE5_GameDev/IntercampusGJ_2021/Content/Meshs/Door/Door.uasset" 622
"D:/UE5_GameDev/IntercampusGJ_2021/Content/Meshs/Door/Door.uexp" 623
"D:/UE5_GameDev/IntercampusGJ_2021/Content/Textures/Icons/gate.uasset" 624
"D:/UE5_GameDev/IntercampusGJ_2021/Content/Textures/Icons/gate.uexp" 625
"D:/UE5_GameDev/IntercampusGJ_2021/Content/Textures/Icons/gate.ubulk" 626
"D:/UE5_GameDev/IntercampusGJ_2021/Content/Blueprints/Door/BP_Door.uasset" 627
"D:/UE5_GameDev/IntercampusGJ_2021/Content/Blueprints/Door/BP_Door.uexp" 628
"D:/UE5_GameDev/IntercampusGJ_2021/Content/Animations/Firefly/ABP_Firefly.uasset" 629
"D:/UE5_GameDev/IntercampusGJ_2021/Content/Animations/Firefly/ABP_Firefly.uexp" 630
"D:/UE5_GameDev/IntercampusGJ_2021/Content/Animations/Firefly/LiftOff_Anim_Anim.uasset" 631
"D:/UE5_GameDev/IntercampusGJ_2021/Content/Animations/Firefly/LiftOff_Anim_Anim.uexp" 632
"D:/UE5_GameDev/IntercampusGJ_2021/Content/Sound/zapsplat_sound_design_electricity_zap_spark_28906__online-audio-converter_com_.uasset" 633
"D:/UE5_GameDev/IntercampusGJ_2021/Content/Sound/zapsplat_sound_design_electricity_zap_spark_28906__online-audio-converter_com_.uexp" 634
"D:/UE5_GameDev/IntercampusGJ_2021/Content/Sound/zapsplat_sound_design_electricity_zap_spark_28906__online-audio-converter_com_.ubulk" 635
"D:/UE5_GameDev/IntercampusGJ_2021/Content/Animations/Firefly/Flying_Anim_Anim.uasset" 636
"D:/UE5_GameDev/IntercampusGJ_2021/Content/Animations/Firefly/Flying_Anim_Anim.uexp" 637
"D:/UE5_GameDev/IntercampusGJ_2021/Content/Materials/M_Body_Main.uasset" 638
"D:/UE5_GameDev/IntercampusGJ_2021/Content/Materials/M_Body_Main.uexp" 639
"D:/UE5_GameDev/IntercampusGJ_2021/Content/Materials/M_Eyes.uasset" 640
"D:/UE5_GameDev/IntercampusGJ_2021/Content/Materials/M_Eyes.uexp" 641
"D:/UE5_GameDev/IntercampusGJ_2021/Content/Materials/M_Inner_Wings.uasset" 642
"D:/UE5_GameDev/IntercampusGJ_2021/Content/Materials/M_Inner_Wings.uexp" 643
"D:/UE5_GameDev/IntercampusGJ_2021/Content/Meshs/Firefly/Animated_Firefly_PhysicsAsset.uasset" 644
"D:/UE5_GameDev/IntercampusGJ_2021/Content/Meshs/Firefly/Animated_Firefly_PhysicsAsset.uexp" 645
"D:/UE5_GameDev/IntercampusGJ_2021/Content/Meshs/Firefly/Animated_Firefly.uasset" 646
"D:/UE5_GameDev/IntercampusGJ_2021/Content/Meshs/Firefly/Animated_Firefly.uexp" 647
"D:/UE5_GameDev/IntercampusGJ_2021/Content/Animations/Firefly/Idle_Anim_Anim.uasset" 648
"D:/UE5_GameDev/IntercampusGJ_2021/Content/Animations/Firefly/Idle_Anim_Anim.uexp" 649
"D:/UE5_GameDev/IntercampusGJ_2021/Content/Blueprints/Firefly/BP_Firefly.uasset" 650
"D:/UE5_GameDev/IntercampusGJ_2021/Content/Blueprints/Firefly/BP_Firefly.uexp" 651
"D:/UE5_GameDev/IntercampusGJ_2021/Content/Blueprints/Firefly/BP_Firefly_Blue.uasset" 652
"D:/UE5_GameDev/IntercampusGJ_2021/Content/Blueprints/Firefly/BP_Firefly_Blue.uexp" 653
"D:/UE5_GameDev/IntercampusGJ_2021/Content/Blueprints/Firefly/BP_Firefly_Green.uasset" 654
"D:/UE5_GameDev/IntercampusGJ_2021/Content/Blueprints/Firefly/BP_Firefly_Green.uexp" 655
"D:/UE5_GameDev/IntercampusGJ_2021/Content/Blueprints/Firefly/BP_Firefly_Red.uasset" 656
"D:/UE5_GameDev/IntercampusGJ_2021/Content/Blueprints/Firefly/BP_Firefly_Red.uexp" 657
"D:/UE5_GameDev/IntercampusGJ_2021/Content/Blueprints/Firefly_Manager/BP_FireflyManager.uasset" 658
"D:/UE5_GameDev/IntercampusGJ_2021/Content/Blueprints/Firefly_Manager/BP_FireflyManager.uexp" 659
"D:/UE5_GameDev/IntercampusGJ_2021/Content/Maps/TestMap.uexp" 660
"D:/UE5_GameDev/IntercampusGJ_2021/Content/Maps/TestMap.umap" 661
"D:/UE5_GameDev/IntercampusGJ_2021/Content/Maps/TestStream.uexp" 662
"D:/UE5_GameDev/IntercampusGJ_2021/Content/Maps/TestStream.umap" 663
"D:/UE5_GameDev/IntercampusGJ_2021/Content/Textures/black-and-white-night-sky.uasset" 664
"D:/UE5_GameDev/IntercampusGJ_2021/Content/Textures/black-and-white-night-sky.uexp" 665
"D:/UE5_GameDev/IntercampusGJ_2021/Content/Materials/Sky/M_BW_Sky.uasset" 666
"D:/UE5_GameDev/IntercampusGJ_2021/Content/Materials/Sky/M_BW_Sky.uexp" 667
"D:/UE5_GameDev/IntercampusGJ_2021/Content/Meshs/Chain/Chain_Connection.uasset" 668
"D:/UE5_GameDev/IntercampusGJ_2021/Content/Meshs/Chain/Chain_Connection.uexp" 669
"D:/UE5_GameDev/IntercampusGJ_2021/Content/Meshs/Chain/Chain_Connection.ubulk" 670
"D:/UE5_GameDev/IntercampusGJ_2021/Content/Meshs/Chain/ChainPiece.uasset" 671
"D:/UE5_GameDev/IntercampusGJ_2021/Content/Meshs/Chain/ChainPiece.uexp" 672
"D:/UE5_GameDev/IntercampusGJ_2021/Content/Meshs/Chain/ChainPiece.ubulk" 673
"D:/UE5_GameDev/IntercampusGJ_2021/Content/Maps/Levels/PuzzleOne.uexp" 674
"D:/UE5_GameDev/IntercampusGJ_2021/Content/Maps/Levels/PuzzleOne.umap" 675
"D:/UE5_GameDev/IntercampusGJ_2021/Content/Maps/Levels/PuzzleSeven.uexp" 676
"D:/UE5_GameDev/IntercampusGJ_2021/Content/Maps/Levels/PuzzleSeven.umap" 677
"D:/UE5_GameDev/IntercampusGJ_2021/Content/Widgets/HowToPlay/W_HTP_Controls.uasset" 678
"D:/UE5_GameDev/IntercampusGJ_2021/Content/Widgets/HowToPlay/W_HTP_Controls.uexp" 679
"D:/UE5_GameDev/IntercampusGJ_2021/Content/Widgets/HowToPlay/W_HTP_Doors.uasset" 680
"D:/UE5_GameDev/IntercampusGJ_2021/Content/Widgets/HowToPlay/W_HTP_Doors.uexp" 681
"D:/UE5_GameDev/IntercampusGJ_2021/Content/Widgets/HowToPlay/W_HTP_GameConcept.uasset" 682
"D:/UE5_GameDev/IntercampusGJ_2021/Content/Widgets/HowToPlay/W_HTP_GameConcept.uexp" 683
"D:/UE5_GameDev/IntercampusGJ_2021/Content/Widgets/HowToPlay/W_HTP_Jar.uasset" 684
"D:/UE5_GameDev/IntercampusGJ_2021/Content/Widgets/HowToPlay/W_HTP_Jar.uexp" 685
"D:/UE5_GameDev/IntercampusGJ_2021/Content/Widgets/HowToPlay/W_HTP_Lights.uasset" 686
"D:/UE5_GameDev/IntercampusGJ_2021/Content/Widgets/HowToPlay/W_HTP_Lights.uexp" 687
"D:/UE5_GameDev/IntercampusGJ_2021/Content/Widgets/LevelSelection/W_LevelButton.uasset" 688
"D:/UE5_GameDev/IntercampusGJ_2021/Content/Widgets/LevelSelection/W_LevelButton.uexp" 689
"D:/UE5_GameDev/IntercampusGJ_2021/Content/Widgets/HowToPlay/W_HTP_Main.uasset" 690
"D:/UE5_GameDev/IntercampusGJ_2021/Content/Widgets/HowToPlay/W_HTP_Main.uexp" 691
"D:/UE5_GameDev/IntercampusGJ_2021/Content/Maps/MainMenu/HowToPlay.uexp" 692
"D:/UE5_GameDev/IntercampusGJ_2021/Content/Maps/MainMenu/HowToPlay.umap" 693
"D:/UE5_GameDev/IntercampusGJ_2021/Content/Widgets/LevelSelection/W_levelSelection.uasset" 694
"D:/UE5_GameDev/IntercampusGJ_2021/Content/Widgets/LevelSelection/W_levelSelection.uexp" 695
"D:/UE5_GameDev/IntercampusGJ_2021/Content/Maps/MainMenu/LevelSelection.uexp" 696
"D:/UE5_GameDev/IntercampusGJ_2021/Content/Maps/MainMenu/LevelSelection.umap" 697
"D:/UE5_GameDev/IntercampusGJ_2021/Content/Sound/Depression_-_Background_Music.uasset" 698
"D:/UE5_GameDev/IntercampusGJ_2021/Content/Sound/Depression_-_Background_Music.uexp" 699
"D:/UE5_GameDev/IntercampusGJ_2021/Content/Sound/Depression_-_Background_Music.ubulk" 700
"D:/UE5_GameDev/IntercampusGJ_2021/Content/Widgets/MainMenu/W_MainMenu.uasset" 701
"D:/UE5_GameDev/IntercampusGJ_2021/Content/Widgets/MainMenu/W_MainMenu.uexp" 702
"D:/UE5_GameDev/IntercampusGJ_2021/Content/Maps/MainMenu/MainMenu_BuiltData.uasset" 703
"D:/UE5_GameDev/IntercampusGJ_2021/Content/Maps/MainMenu/MainMenu_BuiltData.uexp" 704
"D:/UE5_GameDev/IntercampusGJ_2021/Content/Maps/MainMenu/MainMenu_BuiltData.ubulk" 705
"D:/UE5_GameDev/IntercampusGJ_2021/Content/Maps/MainMenu/MainMenu.uexp" 706
"D:/UE5_GameDev/IntercampusGJ_2021/Content/Maps/MainMenu/MainMenu.umap" 707
"D:/UE5_GameDev/IntercampusGJ_2021/Content/Maps/Levels/PuzzleEight.uexp" 708
"D:/UE5_GameDev/IntercampusGJ_2021/Content/Maps/Levels/PuzzleEight.umap" 709
"D:/UE5_GameDev/IntercampusGJ_2021/Content/Maps/Levels/PuzzleFive.uexp" 710
"D:/UE5_GameDev/IntercampusGJ_2021/Content/Maps/Levels/PuzzleFive.umap" 711
"D:/UE5_GameDev/IntercampusGJ_2021/Content/Maps/Levels/PuzzleFour.uexp" 712
"D:/UE5_GameDev/IntercampusGJ_2021/Content/Maps/Levels/PuzzleFour.umap" 713
"D:/UE5_GameDev/IntercampusGJ_2021/Content/Maps/Levels/PuzzleSix.uexp" 714
"D:/UE5_GameDev/IntercampusGJ_2021/Content/Maps/Levels/PuzzleSix.umap" 715
"D:/UE5_GameDev/IntercampusGJ_2021/Content/Maps/Levels/PuzzleThree.uexp" 716
"D:/UE5_GameDev/IntercampusGJ_2021/Content/Maps/Levels/PuzzleThree.umap" 717
"D:/UE5_GameDev/IntercampusGJ_2021/Content/Maps/Levels/PuzzleTwo.uexp" 718
"D:/UE5_GameDev/IntercampusGJ_2021/Content/Maps/Levels/PuzzleTwo.umap" 719
"../../../Engine/Content/Maps/Entry_BuiltData.uasset" 720
"../../../Engine/Content/Maps/Entry_BuiltData.uexp" 721
"../../../Engine/Content/Maps/Entry.uexp" 722
"../../../Engine/Content/Maps/Entry.umap" 723
